0 info it worked if it ends with ok
1 verbose cli [ '/usr/bin/node', '/usr/bin/npm', 'run', 'sass' ]
2 info using npm@3.5.2
3 info using node@v8.10.0
4 verbose run-script [ 'presass', 'sass', 'postsass' ]
5 info lifecycle FrameFreeze@1.0.0~presass: FrameFreeze@1.0.0
6 silly lifecycle FrameFreeze@1.0.0~presass: no script for presass, continuing
7 info lifecycle FrameFreeze@1.0.0~sass: FrameFreeze@1.0.0
8 verbose lifecycle FrameFreeze@1.0.0~sass: unsafe-perm in lifecycle true
9 verbose lifecycle FrameFreeze@1.0.0~sass: PATH: /usr/share/npm/bin/node-gyp-bin:/home/far-linux/repos/FrameFreeze/node_modules/.bin:/usr/local/sbin:/usr/local/bin:/usr/sbin:/usr/bin:/sbin:/bin:/usr/games:/usr/local/games:/snap/bin
10 verbose lifecycle FrameFreeze@1.0.0~sass: CWD: /home/far-linux/repos/FrameFreeze
11 silly lifecycle FrameFreeze@1.0.0~sass: Args: [ '-c', 'node-sass sass/main.scss style.css -w' ]
12 silly lifecycle FrameFreeze@1.0.0~sass: Returned: code: 1  signal: null
13 info lifecycle FrameFreeze@1.0.0~sass: Failed to exec sass script
14 verbose stack Error: FrameFreeze@1.0.0 sass: `node-sass sass/main.scss style.css -w`
14 verbose stack Exit status 1
14 verbose stack     at EventEmitter.<anonymous> (/usr/share/npm/lib/utils/lifecycle.js:232:16)
14 verbose stack     at emitTwo (events.js:126:13)
14 verbose stack     at EventEmitter.emit (events.js:214:7)
14 verbose stack     at ChildProcess.<anonymous> (/usr/share/npm/lib/utils/spawn.js:24:14)
14 verbose stack     at emitTwo (events.js:126:13)
14 verbose stack     at ChildProcess.emit (events.js:214:7)
14 verbose stack     at maybeClose (internal/child_process.js:925:16)
14 verbose stack     at Process.ChildProcess._handle.onexit (internal/child_process.js:209:5)
15 verbose pkgid FrameFreeze@1.0.0
16 verbose cwd /home/far-linux/repos/FrameFreeze
17 error Linux 4.18.0-25-generic
18 error argv "/usr/bin/node" "/usr/bin/npm" "run" "sass"
19 error node v8.10.0
20 error npm  v3.5.2
21 error code ELIFECYCLE
22 error FrameFreeze@1.0.0 sass: `node-sass sass/main.scss style.css -w`
22 error Exit status 1
23 error Failed at the FrameFreeze@1.0.0 sass script 'node-sass sass/main.scss style.css -w'.
23 error Make sure you have the latest version of node.js and npm installed.
23 error If you do, this is most likely a problem with the FrameFreeze package,
23 error not with npm itself.
23 error Tell the author that this fails on your system:
23 error     node-sass sass/main.scss style.css -w
23 error You can get information on how to open an issue for this project with:
23 error     npm bugs FrameFreeze
23 error Or if that isn't available, you can get their info via:
23 error     npm owner ls FrameFreeze
23 error There is likely additional logging output above.
24 verbose exit [ 1, true ]
